<?xml version="1.0" encoding="UTF-8"?>
<!-- Generated by org.testng.reporters.JUnitXMLReporter -->
<testsuite ignored="2" hostname="DESKTOP-145FR99" failures="0" tests="2" name="Test1" time="19.041" errors="0" timestamp="2019-12-16T23:48:32 IST">
  <testcase classname="testNGDemo.AdminLoginwithTestNG" name="adminLogin" time="4.273"/>
  <testcase classname="testNGDemo.AdminLoginwithTestNG1" name="adminLogin3" time="4.41"/>
  <testcase classname="testNGDemo.AdminLoginwithTestNG1" name="adminLogin1" time="0.0">
    <ignored/>
  </testcase> <!-- adminLogin1 -->
  <testcase classname="testNGDemo.AdminLoginwithTestNG1" name="adminLogin2" time="0.0">
    <ignored/>
  </testcase> <!-- adminLogin2 -->
</testsuite> <!-- Test1 -->
